<testsuites id="" name="" tests="1" failures="1" skipped="0" errors="0" time="55.41031">
<testsuite name="dashboard-tiles-visual.spec.ts" timestamp="2025-10-03T16:29:21.441Z" hostname="chromium" tests="1" failures="1" skipped="0" time="46.932" errors="0">
<testcase name="Dashboard Tiles Visual Consistency › should have consistent title sizes across all tiles" classname="dashboard-tiles-visual.spec.ts" time="46.932">
<failure message="dashboard-tiles-visual.spec.ts:8:7 should have consistent title sizes across all tiles" type="FAILURE">
<![CDATA[  [chromium] › dashboard-tiles-visual.spec.ts:8:7 › Dashboard Tiles Visual Consistency › should have consistent title sizes across all tiles 

    Test timeout of 45000ms exceeded.

    Error: locator.textContent: Test timeout of 45000ms exceeded.
    Call log:
      - waiting for locator('h6:has-text("Quick Actions")').locator('..').locator('..').locator('> div').last().locator('> div').first().locator('h3')


      45 |     for (let i = 0; i < await cards.count(); i++) {
      46 |       const card = cards.nth(i);
    > 47 |       const title = await card.locator('h3').textContent();
         |                                              ^
      48 |       const fileName = title?.toLowerCase().replace(/\s+/g, '-') || `card-${i}`;
      49 |
      50 |       await card.screenshot({
        at /Users/scheevel/Workstream/EVALUATIONS/engineering-drawing-system-standalone/frontend/e2e/dashboard-tiles-visual.spec.ts:47:46

    attachment #1: screenshot (image/png) ──────────────────────────────────────────────────────────
    ../test-results/dashboard-tiles-visual-Das-df514-itle-sizes-across-all-tiles-chromium/test-failed-1.png
    ────────────────────────────────────────────────────────────────────────────────────────────────

    attachment #2: video (video/webm) ──────────────────────────────────────────────────────────────
    ../test-results/dashboard-tiles-visual-Das-df514-itle-sizes-across-all-tiles-chromium/video.webm
    ────────────────────────────────────────────────────────────────────────────────────────────────

    Error Context: ../test-results/dashboard-tiles-visual-Das-df514-itle-sizes-across-all-tiles-chromium/error-context.md
]]>
</failure>
<system-out>
<![CDATA[=== TILE TITLES ===
[
  [32m'Upload Drawings'[39m,
  [32m'Search Components'[39m,
  [32m'View Drawings'[39m,
  [32m'System Reports'[39m
]

Tile 1: "Upload Drawings"
  Font Size: 18px
  Font Weight: 500
  Line Height: 28.8px

Tile 2: "Search Components"
  Font Size: 18px
  Font Weight: 500
  Line Height: 28.8px

Tile 3: "View Drawings"
  Font Size: 18px
  Font Weight: 500
  Line Height: 28.8px

Tile 4: "System Reports"
  Font Size: 18px
  Font Weight: 500
  Line Height: 28.8px

[[ATTACHMENT|dashboard-tiles-visual-Das-df514-itle-sizes-across-all-tiles-chromium/test-failed-1.png]]

[[ATTACHMENT|dashboard-tiles-visual-Das-df514-itle-sizes-across-all-tiles-chromium/video.webm]]

[[ATTACHMENT|dashboard-tiles-visual-Das-df514-itle-sizes-across-all-tiles-chromium/error-context.md]]
]]>
</system-out>
</testcase>
</testsuite>
</testsuites>