<testsuites id="" name="" tests="13" failures="8" skipped="0" errors="0" time="42.12416">
<testsuite name="project-drawing-association.spec.ts" timestamp="2025-10-03T19:38:29.496Z" hostname="chromium" tests="13" failures="8" skipped="0" time="123.278" errors="0">
<testcase name="Project-Drawing Association (Story 8.1b) › should navigate to drawings list page" classname="project-drawing-association.spec.ts" time="31.891">
<failure message="project-drawing-association.spec.ts:17:7 should navigate to drawings list page" type="FAILURE">
<![CDATA[  [chromium] › project-drawing-association.spec.ts:17:7 › Project-Drawing Association (Story 8.1b) › should navigate to drawings list page 

    Test timeout of 30000ms exceeded.

    Error: page.click: Test timeout of 30000ms exceeded.
    Call log:
      - waiting for locator('text=Drawings')
        - locator resolved to 7 elements. Proceeding with the first one: <span class="MuiTypography-root MuiTypography-body1 MuiListItemText-primary css-bm1fv1-MuiTypography-root">Upload Drawings</span>
      - attempting click action
        2 × waiting for element to be visible, enabled and stable
          - element is not visible
        - retrying click action
        - waiting 20ms
        2 × waiting for element to be visible, enabled and stable
          - element is not visible
        - retrying click action
          - waiting 100ms
        48 × waiting for element to be visible, enabled and stable
           - element is not visible
         - retrying click action
           - waiting 500ms


      17 |   test('should navigate to drawings list page', async ({ page }) => {
      18 |     // Navigate to drawings
    > 19 |     await page.click('text=Drawings');
         |                ^
      20 |     await page.waitForURL('**/drawings');
      21 |     await expect(page).toHaveURL(/\/drawings/);
      22 |     await page.waitForLoadState('networkidle');
        at /Users/scheevel/Workstream/EVALUATIONS/engineering-drawing-system-standalone/frontend/e2e/project-drawing-association.spec.ts:19:16

    attachment #1: screenshot (image/png) ──────────────────────────────────────────────────────────
    ../test-results/project-drawing-associatio-11677-igate-to-drawings-list-page-chromium/test-failed-1.png
    ────────────────────────────────────────────────────────────────────────────────────────────────

    attachment #2: video (video/webm) ──────────────────────────────────────────────────────────────
    ../test-results/project-drawing-associatio-11677-igate-to-drawings-list-page-chromium/video.webm
    ────────────────────────────────────────────────────────────────────────────────────────────────

    Error Context: ../test-results/project-drawing-associatio-11677-igate-to-drawings-list-page-chromium/error-context.md
]]>
</failure>
<system-out>
<![CDATA[
[[ATTACHMENT|project-drawing-associatio-11677-igate-to-drawings-list-page-chromium/test-failed-1.png]]

[[ATTACHMENT|project-drawing-associatio-11677-igate-to-drawings-list-page-chromium/video.webm]]

[[ATTACHMENT|project-drawing-associatio-11677-igate-to-drawings-list-page-chromium/error-context.md]]
]]>
</system-out>
</testcase>
<testcase name="Project-Drawing Association (Story 8.1b) › should display project filter controls on drawings page" classname="project-drawing-association.spec.ts" time="6.106">
<failure message="project-drawing-association.spec.ts:25:7 should display project filter controls on drawings page" type="FAILURE">
<![CDATA[  [chromium] › project-drawing-association.spec.ts:25:7 › Project-Drawing Association (Story 8.1b) › should display project filter controls on drawings page 

    Error: expect(received).toBeTruthy()

    Received: false

      33 |     // At least one filter control should exist
      34 |     const hasFilter = (await filterLabel.count()) > 0 || (await autocomplete.count()) > 0;
    > 35 |     expect(hasFilter).toBeTruthy();
         |                       ^
      36 |   });
      37 |
      38 |   test('should display unassigned-only toggle on drawings page', async ({ page }) => {
        at /Users/scheevel/Workstream/EVALUATIONS/engineering-drawing-system-standalone/frontend/e2e/project-drawing-association.spec.ts:35:23

    attachment #1: screenshot (image/png) ──────────────────────────────────────────────────────────
    ../test-results/project-drawing-associatio-c850d-r-controls-on-drawings-page-chromium/test-failed-1.png
    ────────────────────────────────────────────────────────────────────────────────────────────────

    attachment #2: video (video/webm) ──────────────────────────────────────────────────────────────
    ../test-results/project-drawing-associatio-c850d-r-controls-on-drawings-page-chromium/video.webm
    ────────────────────────────────────────────────────────────────────────────────────────────────

    Error Context: ../test-results/project-drawing-associatio-c850d-r-controls-on-drawings-page-chromium/error-context.md
]]>
</failure>
<system-out>
<![CDATA[
[[ATTACHMENT|project-drawing-associatio-c850d-r-controls-on-drawings-page-chromium/test-failed-1.png]]

[[ATTACHMENT|project-drawing-associatio-c850d-r-controls-on-drawings-page-chromium/video.webm]]

[[ATTACHMENT|project-drawing-associatio-c850d-r-controls-on-drawings-page-chromium/error-context.md]]
]]>
</system-out>
</testcase>
<testcase name="Project-Drawing Association (Story 8.1b) › should display unassigned-only toggle on drawings page" classname="project-drawing-association.spec.ts" time="6.558">
<failure message="project-drawing-association.spec.ts:38:7 should display unassigned-only toggle on drawings page" type="FAILURE">
<![CDATA[  [chromium] › project-drawing-association.spec.ts:38:7 › Project-Drawing Association (Story 8.1b) › should display unassigned-only toggle on drawings page 

    Error: expect(received).toBeGreaterThan(expected)

    Expected: > 0
    Received:   0

      44 |     const toggleCount = await unassignedToggle.count();
      45 |
    > 46 |     expect(toggleCount).toBeGreaterThan(0);
         |                         ^
      47 |   });
      48 |
      49 |   test('should display project tags on drawings', async ({ page }) => {
        at /Users/scheevel/Workstream/EVALUATIONS/engineering-drawing-system-standalone/frontend/e2e/project-drawing-association.spec.ts:46:25

    attachment #1: screenshot (image/png) ──────────────────────────────────────────────────────────
    ../test-results/project-drawing-associatio-0d356-nly-toggle-on-drawings-page-chromium/test-failed-1.png
    ────────────────────────────────────────────────────────────────────────────────────────────────

    attachment #2: video (video/webm) ──────────────────────────────────────────────────────────────
    ../test-results/project-drawing-associatio-0d356-nly-toggle-on-drawings-page-chromium/video.webm
    ────────────────────────────────────────────────────────────────────────────────────────────────

    Error Context: ../test-results/project-drawing-associatio-0d356-nly-toggle-on-drawings-page-chromium/error-context.md
]]>
</failure>
<system-out>
<![CDATA[
[[ATTACHMENT|project-drawing-associatio-0d356-nly-toggle-on-drawings-page-chromium/test-failed-1.png]]

[[ATTACHMENT|project-drawing-associatio-0d356-nly-toggle-on-drawings-page-chromium/video.webm]]

[[ATTACHMENT|project-drawing-associatio-0d356-nly-toggle-on-drawings-page-chromium/error-context.md]]
]]>
</system-out>
</testcase>
<testcase name="Project-Drawing Association (Story 8.1b) › should display project tags on drawings" classname="project-drawing-association.spec.ts" time="6.806">
</testcase>
<testcase name="Project-Drawing Association (Story 8.1b) › should navigate to projects page" classname="project-drawing-association.spec.ts" time="31.367">
<failure message="project-drawing-association.spec.ts:64:7 should navigate to projects page" type="FAILURE">
<![CDATA[  [chromium] › project-drawing-association.spec.ts:64:7 › Project-Drawing Association (Story 8.1b) › should navigate to projects page 

    Test timeout of 30000ms exceeded.

    Error: page.click: Test timeout of 30000ms exceeded.
    Call log:
      - waiting for locator('text=Projects')
        - locator resolved to <span class="MuiTypography-root MuiTypography-body1 MuiListItemText-primary css-bm1fv1-MuiTypography-root">Projects</span>
      - attempting click action
        2 × waiting for element to be visible, enabled and stable
          - element is not visible
        - retrying click action
        - waiting 20ms
        2 × waiting for element to be visible, enabled and stable
          - element is not visible
        - retrying click action
          - waiting 100ms
        47 × waiting for element to be visible, enabled and stable
           - element is not visible
         - retrying click action
           - waiting 500ms


      64 |   test('should navigate to projects page', async ({ page }) => {
      65 |     // Navigate to projects
    > 66 |     await page.click('text=Projects');
         |                ^
      67 |     await page.waitForURL('**/projects');
      68 |     await expect(page).toHaveURL(/\/projects/);
      69 |     await page.waitForLoadState('networkidle');
        at /Users/scheevel/Workstream/EVALUATIONS/engineering-drawing-system-standalone/frontend/e2e/project-drawing-association.spec.ts:66:16

    attachment #1: screenshot (image/png) ──────────────────────────────────────────────────────────
    ../test-results/project-drawing-associatio-da86c-d-navigate-to-projects-page-chromium/test-failed-1.png
    ────────────────────────────────────────────────────────────────────────────────────────────────

    attachment #2: video (video/webm) ──────────────────────────────────────────────────────────────
    ../test-results/project-drawing-associatio-da86c-d-navigate-to-projects-page-chromium/video.webm
    ────────────────────────────────────────────────────────────────────────────────────────────────

    Error Context: ../test-results/project-drawing-associatio-da86c-d-navigate-to-projects-page-chromium/error-context.md
]]>
</failure>
<system-out>
<![CDATA[
[[ATTACHMENT|project-drawing-associatio-da86c-d-navigate-to-projects-page-chromium/test-failed-1.png]]

[[ATTACHMENT|project-drawing-associatio-da86c-d-navigate-to-projects-page-chromium/video.webm]]

[[ATTACHMENT|project-drawing-associatio-da86c-d-navigate-to-projects-page-chromium/error-context.md]]
]]>
</system-out>
</testcase>
<testcase name="Project-Drawing Association (Story 8.1b) › should display project list with clickable names" classname="project-drawing-association.spec.ts" time="7.047">
</testcase>
<testcase name="Project-Drawing Association (Story 8.1b) › should navigate to project detail page when clicking project name" classname="project-drawing-association.spec.ts" time="4.383">
</testcase>
<testcase name="Project-Drawing Association (Story 8.1b) › should display Drawings tab on project detail page" classname="project-drawing-association.spec.ts" time="5.956">
<failure message="project-drawing-association.spec.ts:114:7 should display Drawings tab on project detail page" type="FAILURE">
<![CDATA[  [chromium] › project-drawing-association.spec.ts:114:7 › Project-Drawing Association (Story 8.1b) › should display Drawings tab on project detail page 

    Error: expect(received).toBeGreaterThan(expected)

    Expected: > 0
    Received:   0

      130 |       const tabCount = await drawingsTab.count();
      131 |
    > 132 |       expect(tabCount).toBeGreaterThan(0);
          |                        ^
      133 |     }
      134 |   });
      135 |
        at /Users/scheevel/Workstream/EVALUATIONS/engineering-drawing-system-standalone/frontend/e2e/project-drawing-association.spec.ts:132:24

    attachment #1: screenshot (image/png) ──────────────────────────────────────────────────────────
    ../test-results/project-drawing-associatio-f9465--tab-on-project-detail-page-chromium/test-failed-1.png
    ────────────────────────────────────────────────────────────────────────────────────────────────

    attachment #2: video (video/webm) ──────────────────────────────────────────────────────────────
    ../test-results/project-drawing-associatio-f9465--tab-on-project-detail-page-chromium/video.webm
    ────────────────────────────────────────────────────────────────────────────────────────────────

    Error Context: ../test-results/project-drawing-associatio-f9465--tab-on-project-detail-page-chromium/error-context.md
]]>
</failure>
<system-out>
<![CDATA[
[[ATTACHMENT|project-drawing-associatio-f9465--tab-on-project-detail-page-chromium/test-failed-1.png]]

[[ATTACHMENT|project-drawing-associatio-f9465--tab-on-project-detail-page-chromium/video.webm]]

[[ATTACHMENT|project-drawing-associatio-f9465--tab-on-project-detail-page-chromium/error-context.md]]
]]>
</system-out>
</testcase>
<testcase name="Project-Drawing Association (Story 8.1b) › should display &quot;+ Add Drawings&quot; button on project detail page" classname="project-drawing-association.spec.ts" time="3.956">
<failure message="project-drawing-association.spec.ts:136:7 should display &quot;+ Add Drawings&quot; button on project detail page" type="FAILURE">
<![CDATA[  [chromium] › project-drawing-association.spec.ts:136:7 › Project-Drawing Association (Story 8.1b) › should display "+ Add Drawings" button on project detail page 

    Error: expect(received).toBeGreaterThan(expected)

    Expected: > 0
    Received:   0

      152 |       const buttonCount = await addButton.count();
      153 |
    > 154 |       expect(buttonCount).toBeGreaterThan(0);
          |                           ^
      155 |     }
      156 |   });
      157 |
        at /Users/scheevel/Workstream/EVALUATIONS/engineering-drawing-system-standalone/frontend/e2e/project-drawing-association.spec.ts:154:27

    attachment #1: screenshot (image/png) ──────────────────────────────────────────────────────────
    ../test-results/project-drawing-associatio-c4c44-tton-on-project-detail-page-chromium/test-failed-1.png
    ────────────────────────────────────────────────────────────────────────────────────────────────

    attachment #2: video (video/webm) ──────────────────────────────────────────────────────────────
    ../test-results/project-drawing-associatio-c4c44-tton-on-project-detail-page-chromium/video.webm
    ────────────────────────────────────────────────────────────────────────────────────────────────

    Error Context: ../test-results/project-drawing-associatio-c4c44-tton-on-project-detail-page-chromium/error-context.md
]]>
</failure>
<system-out>
<![CDATA[
[[ATTACHMENT|project-drawing-associatio-c4c44-tton-on-project-detail-page-chromium/test-failed-1.png]]

[[ATTACHMENT|project-drawing-associatio-c4c44-tton-on-project-detail-page-chromium/video.webm]]

[[ATTACHMENT|project-drawing-associatio-c4c44-tton-on-project-detail-page-chromium/error-context.md]]
]]>
</system-out>
</testcase>
<testcase name="Project-Drawing Association (Story 8.1b) › should display drawings table on project detail page" classname="project-drawing-association.spec.ts" time="4.262">
<failure message="project-drawing-association.spec.ts:158:7 should display drawings table on project detail page" type="FAILURE">
<![CDATA[  [chromium] › project-drawing-association.spec.ts:158:7 › Project-Drawing Association (Story 8.1b) › should display drawings table on project detail page 

    Error: expect(received).toBeGreaterThan(expected)

    Expected: > 0
    Received:   0

      174 |       const tableCount = await table.count();
      175 |
    > 176 |       expect(tableCount).toBeGreaterThan(0);
          |                          ^
      177 |     }
      178 |   });
      179 |
        at /Users/scheevel/Workstream/EVALUATIONS/engineering-drawing-system-standalone/frontend/e2e/project-drawing-association.spec.ts:176:26

    attachment #1: screenshot (image/png) ──────────────────────────────────────────────────────────
    ../test-results/project-drawing-associatio-30e03-able-on-project-detail-page-chromium/test-failed-1.png
    ────────────────────────────────────────────────────────────────────────────────────────────────

    attachment #2: video (video/webm) ──────────────────────────────────────────────────────────────
    ../test-results/project-drawing-associatio-30e03-able-on-project-detail-page-chromium/video.webm
    ────────────────────────────────────────────────────────────────────────────────────────────────

    Error Context: ../test-results/project-drawing-associatio-30e03-able-on-project-detail-page-chromium/error-context.md
]]>
</failure>
<system-out>
<![CDATA[
[[ATTACHMENT|project-drawing-associatio-30e03-able-on-project-detail-page-chromium/test-failed-1.png]]

[[ATTACHMENT|project-drawing-associatio-30e03-able-on-project-detail-page-chromium/video.webm]]

[[ATTACHMENT|project-drawing-associatio-30e03-able-on-project-detail-page-chromium/error-context.md]]
]]>
</system-out>
</testcase>
<testcase name="Project-Drawing Association (Story 8.1b) › should show toast notification on successful operations" classname="project-drawing-association.spec.ts" time="2.89">
</testcase>
<testcase name="Project-Drawing Association (Story 8.1b) › should have back button on project detail page" classname="project-drawing-association.spec.ts" time="5.4">
<failure message="project-drawing-association.spec.ts:197:7 should have back button on project detail page" type="FAILURE">
<![CDATA[  [chromium] › project-drawing-association.spec.ts:197:7 › Project-Drawing Association (Story 8.1b) › should have back button on project detail page 

    Error: expect(received).toBeGreaterThan(expected)

    Expected: > 0
    Received:   0

      213 |       const buttonCount = await backButton.count();
      214 |
    > 215 |       expect(buttonCount).toBeGreaterThan(0);
          |                           ^
      216 |
      217 |       // Verify back button navigates to projects list
      218 |       if (buttonCount > 0) {
        at /Users/scheevel/Workstream/EVALUATIONS/engineering-drawing-system-standalone/frontend/e2e/project-drawing-association.spec.ts:215:27

    attachment #1: screenshot (image/png) ──────────────────────────────────────────────────────────
    ../test-results/project-drawing-associatio-9c16d-tton-on-project-detail-page-chromium/test-failed-1.png
    ────────────────────────────────────────────────────────────────────────────────────────────────

    attachment #2: video (video/webm) ──────────────────────────────────────────────────────────────
    ../test-results/project-drawing-associatio-9c16d-tton-on-project-detail-page-chromium/video.webm
    ────────────────────────────────────────────────────────────────────────────────────────────────

    Error Context: ../test-results/project-drawing-associatio-9c16d-tton-on-project-detail-page-chromium/error-context.md
]]>
</failure>
<system-out>
<![CDATA[
[[ATTACHMENT|project-drawing-associatio-9c16d-tton-on-project-detail-page-chromium/test-failed-1.png]]

[[ATTACHMENT|project-drawing-associatio-9c16d-tton-on-project-detail-page-chromium/video.webm]]

[[ATTACHMENT|project-drawing-associatio-9c16d-tton-on-project-detail-page-chromium/error-context.md]]
]]>
</system-out>
</testcase>
<testcase name="Project-Drawing Association (Story 8.1b) › should persist filter state in URL query params" classname="project-drawing-association.spec.ts" time="6.656">
</testcase>
</testsuite>
</testsuites>